12-Aug-2020 11:58:10.056 INFO [main] org.apache.catalina.startup.VersionLoggerListener.log 서버 버전 이름:        Apache Tomcat/9.0.37
12-Aug-2020 11:58:10.070 INFO [main] org.apache.catalina.startup.VersionLoggerListener.log Server 빌드 시각:          Jun 30 2020 20:09:49 UTC
12-Aug-2020 11:58:10.071 INFO [main] org.apache.catalina.startup.VersionLoggerListener.log Server 버전 번호:         9.0.37.0
12-Aug-2020 11:58:10.072 INFO [main] org.apache.catalina.startup.VersionLoggerListener.log 운영체제 이름:               Windows 10
12-Aug-2020 11:58:10.073 INFO [main] org.apache.catalina.startup.VersionLoggerListener.log 운영체제 버전:            10.0
12-Aug-2020 11:58:10.074 INFO [main] org.apache.catalina.startup.VersionLoggerListener.log 아키텍처:          amd64
12-Aug-2020 11:58:10.076 INFO [main] org.apache.catalina.startup.VersionLoggerListener.log 자바 홈:             C:\Program Files\Java\jdk-12.0.2
12-Aug-2020 11:58:10.086 INFO [main] org.apache.catalina.startup.VersionLoggerListener.log JVM 버전:           12.0.2+10
12-Aug-2020 11:58:10.086 INFO [main] org.apache.catalina.startup.VersionLoggerListener.log JVM 벤더:            Oracle Corporation
12-Aug-2020 11:58:10.087 INFO [main] org.apache.catalina.startup.VersionLoggerListener.log CATALINA_BASE:         C:\Users\qkdlf\github\Servlet-JSP-Programming\tools\apache-tomcat-9.0.37
12-Aug-2020 11:58:10.087 INFO [main] org.apache.catalina.startup.VersionLoggerListener.log CATALINA_HOME:         C:\Users\qkdlf\github\Servlet-JSP-Programming\tools\apache-tomcat-9.0.37
12-Aug-2020 11:58:10.226 INFO [main] org.apache.catalina.startup.VersionLoggerListener.log 명령 행 아규먼트: --add-opens=java.base/java.lang=ALL-UNNAMED
12-Aug-2020 11:58:10.233 INFO [main] org.apache.catalina.startup.VersionLoggerListener.log 명령 행 아규먼트: --add-opens=java.base/java.io=ALL-UNNAMED
12-Aug-2020 11:58:10.238 INFO [main] org.apache.catalina.startup.VersionLoggerListener.log 명령 행 아규먼트: --add-opens=java.rmi/sun.rmi.transport=ALL-UNNAMED
12-Aug-2020 11:58:10.240 INFO [main] org.apache.catalina.startup.VersionLoggerListener.log 명령 행 아규먼트: -Djava.util.logging.config.file=C:\Users\qkdlf\github\Servlet-JSP-Programming\tools\apache-tomcat-9.0.37\conf\logging.properties
12-Aug-2020 11:58:10.244 INFO [main] org.apache.catalina.startup.VersionLoggerListener.log 명령 행 아규먼트: -Djava.util.logging.manager=org.apache.juli.ClassLoaderLogManager
12-Aug-2020 11:58:10.249 INFO [main] org.apache.catalina.startup.VersionLoggerListener.log 명령 행 아규먼트: -Djdk.tls.ephemeralDHKeySize=2048
12-Aug-2020 11:58:10.250 INFO [main] org.apache.catalina.startup.VersionLoggerListener.log 명령 행 아규먼트: -Djava.protocol.handler.pkgs=org.apache.catalina.webresources
12-Aug-2020 11:58:10.255 INFO [main] org.apache.catalina.startup.VersionLoggerListener.log 명령 행 아규먼트: -Dignore.endorsed.dirs=
12-Aug-2020 11:58:10.257 INFO [main] org.apache.catalina.startup.VersionLoggerListener.log 명령 행 아규먼트: -Dcatalina.base=C:\Users\qkdlf\github\Servlet-JSP-Programming\tools\apache-tomcat-9.0.37
12-Aug-2020 11:58:10.260 INFO [main] org.apache.catalina.startup.VersionLoggerListener.log 명령 행 아규먼트: -Dcatalina.home=C:\Users\qkdlf\github\Servlet-JSP-Programming\tools\apache-tomcat-9.0.37
12-Aug-2020 11:58:10.265 INFO [main] org.apache.catalina.startup.VersionLoggerListener.log 명령 행 아규먼트: -Djava.io.tmpdir=C:\Users\qkdlf\github\Servlet-JSP-Programming\tools\apache-tomcat-9.0.37\temp
12-Aug-2020 11:58:10.268 INFO [main] org.apache.catalina.core.AprLifecycleListener.lifecycleEvent APR 버전 [1.7.0]을(를) 사용한, APR 기반 Apache Tomcat Native 라이브러리 [1.2.24]을(를) 로드했습니다.
12-Aug-2020 11:58:10.280 INFO [main] org.apache.catalina.core.AprLifecycleListener.lifecycleEvent APR 용량정보들: IPv6 [true], sendfile [true], accept filters [false], random [true].
12-Aug-2020 11:58:10.282 INFO [main] org.apache.catalina.core.AprLifecycleListener.lifecycleEvent APR/OpenSSL 설정: useAprConnector [false], useOpenSSL [true]
12-Aug-2020 11:58:10.292 INFO [main] org.apache.catalina.core.AprLifecycleListener.initializeSSL OpenSSL이 성공적으로 초기화되었습니다: [OpenSSL 1.1.1g  21 Apr 2020]
12-Aug-2020 11:58:10.935 INFO [main] org.apache.coyote.AbstractProtocol.init 프로토콜 핸들러 ["http-nio-8080"]을(를) 초기화합니다.
12-Aug-2020 11:58:11.707 INFO [main] org.apache.catalina.startup.Catalina.load [2331] 밀리초 내에 서버가 초기화되었습니다.
12-Aug-2020 11:58:11.844 INFO [main] org.apache.catalina.core.StandardService.startInternal 서비스 [Catalina]을(를) 시작합니다.
12-Aug-2020 11:58:11.850 INFO [main] org.apache.catalina.core.StandardEngine.startInternal 서버 엔진을 시작합니다: [Apache Tomcat/9.0.37]
12-Aug-2020 11:58:11.869 INFO [main] org.apache.catalina.startup.HostConfig.deployDirectory 웹 애플리케이션 디렉토리 [C:\Users\qkdlf\github\Servlet-JSP-Programming\tools\apache-tomcat-9.0.37\webapps\docs]을(를) 배치합니다.
12-Aug-2020 11:58:12.986 WARNING [main] org.apache.catalina.util.SessionIdGeneratorBase.createSecureRandom [SHA1PRNG] 알고리즘을 사용하여, 세션 ID를 생성하기 위한 SecureRandom 객체를 생성하는데, [569] 밀리초가 소요됐습니다.
12-Aug-2020 11:58:13.033 INFO [main] org.apache.catalina.startup.HostConfig.deployDirectory 웹 애플리케이션 디렉토리 [C:\Users\qkdlf\github\Servlet-JSP-Programming\tools\apache-tomcat-9.0.37\webapps\docs]에 대한 배치가 [1,164] 밀리초에 완료되었습니다.
12-Aug-2020 11:58:13.042 INFO [main] org.apache.catalina.startup.HostConfig.deployDirectory 웹 애플리케이션 디렉토리 [C:\Users\qkdlf\github\Servlet-JSP-Programming\tools\apache-tomcat-9.0.37\webapps\examples]을(를) 배치합니다.
12-Aug-2020 11:58:14.368 INFO [main] org.apache.catalina.startup.HostConfig.deployDirectory 웹 애플리케이션 디렉토리 [C:\Users\qkdlf\github\Servlet-JSP-Programming\tools\apache-tomcat-9.0.37\webapps\examples]에 대한 배치가 [1,325] 밀리초에 완료되었습니다.
12-Aug-2020 11:58:14.377 INFO [main] org.apache.catalina.startup.HostConfig.deployDirectory 웹 애플리케이션 디렉토리 [C:\Users\qkdlf\github\Servlet-JSP-Programming\tools\apache-tomcat-9.0.37\webapps\host-manager]을(를) 배치합니다.
12-Aug-2020 11:58:14.499 INFO [main] org.apache.catalina.startup.HostConfig.deployDirectory 웹 애플리케이션 디렉토리 [C:\Users\qkdlf\github\Servlet-JSP-Programming\tools\apache-tomcat-9.0.37\webapps\host-manager]에 대한 배치가 [121] 밀리초에 완료되었습니다.
12-Aug-2020 11:58:14.506 INFO [main] org.apache.catalina.startup.HostConfig.deployDirectory 웹 애플리케이션 디렉토리 [C:\Users\qkdlf\github\Servlet-JSP-Programming\tools\apache-tomcat-9.0.37\webapps\manager]을(를) 배치합니다.
12-Aug-2020 11:58:14.620 INFO [main] org.apache.catalina.startup.HostConfig.deployDirectory 웹 애플리케이션 디렉토리 [C:\Users\qkdlf\github\Servlet-JSP-Programming\tools\apache-tomcat-9.0.37\webapps\manager]에 대한 배치가 [114] 밀리초에 완료되었습니다.
12-Aug-2020 11:58:14.637 INFO [main] org.apache.catalina.startup.HostConfig.deployDirectory 웹 애플리케이션 디렉토리 [C:\Users\qkdlf\github\Servlet-JSP-Programming\tools\apache-tomcat-9.0.37\webapps\ROOT]을(를) 배치합니다.
12-Aug-2020 11:58:14.704 INFO [main] org.apache.catalina.startup.HostConfig.deployDirectory 웹 애플리케이션 디렉토리 [C:\Users\qkdlf\github\Servlet-JSP-Programming\tools\apache-tomcat-9.0.37\webapps\ROOT]에 대한 배치가 [66] 밀리초에 완료되었습니다.
12-Aug-2020 11:58:14.718 INFO [main] org.apache.coyote.AbstractProtocol.start 프로토콜 핸들러 ["http-nio-8080"]을(를) 시작합니다.
12-Aug-2020 11:58:14.739 INFO [main] org.apache.catalina.startup.Catalina.start 서버가 [3021] 밀리초 내에 시작되었습니다.
12-Aug-2020 12:10:53.443 INFO [main] org.apache.catalina.startup.VersionLoggerListener.log 서버 버전 이름:        Apache Tomcat/9.0.37
12-Aug-2020 12:10:53.449 INFO [main] org.apache.catalina.startup.VersionLoggerListener.log Server 빌드 시각:          Jun 30 2020 20:09:49 UTC
12-Aug-2020 12:10:53.450 INFO [main] org.apache.catalina.startup.VersionLoggerListener.log Server 버전 번호:         9.0.37.0
12-Aug-2020 12:10:53.450 INFO [main] org.apache.catalina.startup.VersionLoggerListener.log 운영체제 이름:               Windows 10
12-Aug-2020 12:10:53.451 INFO [main] org.apache.catalina.startup.VersionLoggerListener.log 운영체제 버전:            10.0
12-Aug-2020 12:10:53.451 INFO [main] org.apache.catalina.startup.VersionLoggerListener.log 아키텍처:          amd64
12-Aug-2020 12:10:53.452 INFO [main] org.apache.catalina.startup.VersionLoggerListener.log 자바 홈:             C:\Program Files\Java\jdk-12.0.2
12-Aug-2020 12:10:53.452 INFO [main] org.apache.catalina.startup.VersionLoggerListener.log JVM 버전:           12.0.2+10
12-Aug-2020 12:10:53.453 INFO [main] org.apache.catalina.startup.VersionLoggerListener.log JVM 벤더:            Oracle Corporation
12-Aug-2020 12:10:53.453 INFO [main] org.apache.catalina.startup.VersionLoggerListener.log CATALINA_BASE:         C:\Users\qkdlf\github\Servlet-JSP-Programming\tools\apache-tomcat-9.0.37
12-Aug-2020 12:10:53.454 INFO [main] org.apache.catalina.startup.VersionLoggerListener.log CATALINA_HOME:         C:\Users\qkdlf\github\Servlet-JSP-Programming\tools\apache-tomcat-9.0.37
12-Aug-2020 12:10:53.468 INFO [main] org.apache.catalina.startup.VersionLoggerListener.log 명령 행 아규먼트: --add-opens=java.base/java.lang=ALL-UNNAMED
12-Aug-2020 12:10:53.470 INFO [main] org.apache.catalina.startup.VersionLoggerListener.log 명령 행 아규먼트: --add-opens=java.base/java.io=ALL-UNNAMED
12-Aug-2020 12:10:53.474 INFO [main] org.apache.catalina.startup.VersionLoggerListener.log 명령 행 아규먼트: --add-opens=java.rmi/sun.rmi.transport=ALL-UNNAMED
12-Aug-2020 12:10:53.476 INFO [main] org.apache.catalina.startup.VersionLoggerListener.log 명령 행 아규먼트: -Djava.util.logging.config.file=C:\Users\qkdlf\github\Servlet-JSP-Programming\tools\apache-tomcat-9.0.37\conf\logging.properties
12-Aug-2020 12:10:53.478 INFO [main] org.apache.catalina.startup.VersionLoggerListener.log 명령 행 아규먼트: -Djava.util.logging.manager=org.apache.juli.ClassLoaderLogManager
12-Aug-2020 12:10:53.480 INFO [main] org.apache.catalina.startup.VersionLoggerListener.log 명령 행 아규먼트: -Djdk.tls.ephemeralDHKeySize=2048
12-Aug-2020 12:10:53.482 INFO [main] org.apache.catalina.startup.VersionLoggerListener.log 명령 행 아규먼트: -Djava.protocol.handler.pkgs=org.apache.catalina.webresources
12-Aug-2020 12:10:53.484 INFO [main] org.apache.catalina.startup.VersionLoggerListener.log 명령 행 아규먼트: -Dignore.endorsed.dirs=
12-Aug-2020 12:10:53.486 INFO [main] org.apache.catalina.startup.VersionLoggerListener.log 명령 행 아규먼트: -Dcatalina.base=C:\Users\qkdlf\github\Servlet-JSP-Programming\tools\apache-tomcat-9.0.37
12-Aug-2020 12:10:53.488 INFO [main] org.apache.catalina.startup.VersionLoggerListener.log 명령 행 아규먼트: -Dcatalina.home=C:\Users\qkdlf\github\Servlet-JSP-Programming\tools\apache-tomcat-9.0.37
12-Aug-2020 12:10:53.489 INFO [main] org.apache.catalina.startup.VersionLoggerListener.log 명령 행 아규먼트: -Djava.io.tmpdir=C:\Users\qkdlf\github\Servlet-JSP-Programming\tools\apache-tomcat-9.0.37\temp
12-Aug-2020 12:10:53.493 INFO [main] org.apache.catalina.core.AprLifecycleListener.lifecycleEvent APR 버전 [1.7.0]을(를) 사용한, APR 기반 Apache Tomcat Native 라이브러리 [1.2.24]을(를) 로드했습니다.
12-Aug-2020 12:10:53.496 INFO [main] org.apache.catalina.core.AprLifecycleListener.lifecycleEvent APR 용량정보들: IPv6 [true], sendfile [true], accept filters [false], random [true].
12-Aug-2020 12:10:53.498 INFO [main] org.apache.catalina.core.AprLifecycleListener.lifecycleEvent APR/OpenSSL 설정: useAprConnector [false], useOpenSSL [true]
12-Aug-2020 12:10:53.505 INFO [main] org.apache.catalina.core.AprLifecycleListener.initializeSSL OpenSSL이 성공적으로 초기화되었습니다: [OpenSSL 1.1.1g  21 Apr 2020]
12-Aug-2020 12:10:54.007 INFO [main] org.apache.coyote.AbstractProtocol.init 프로토콜 핸들러 ["http-nio-8080"]을(를) 초기화합니다.
12-Aug-2020 12:10:54.757 INFO [main] org.apache.catalina.startup.Catalina.load [1671] 밀리초 내에 서버가 초기화되었습니다.
12-Aug-2020 12:10:55.007 INFO [main] org.apache.catalina.core.StandardService.startInternal 서비스 [Catalina]을(를) 시작합니다.
12-Aug-2020 12:10:55.022 INFO [main] org.apache.catalina.core.StandardEngine.startInternal 서버 엔진을 시작합니다: [Apache Tomcat/9.0.37]
12-Aug-2020 12:10:55.061 INFO [main] org.apache.catalina.startup.HostConfig.deployDirectory 웹 애플리케이션 디렉토리 [C:\Users\qkdlf\github\Servlet-JSP-Programming\tools\apache-tomcat-9.0.37\webapps\docs]을(를) 배치합니다.
12-Aug-2020 12:10:56.215 WARNING [main] org.apache.catalina.util.SessionIdGeneratorBase.createSecureRandom [SHA1PRNG] 알고리즘을 사용하여, 세션 ID를 생성하기 위한 SecureRandom 객체를 생성하는데, [595] 밀리초가 소요됐습니다.
12-Aug-2020 12:10:56.252 INFO [main] org.apache.catalina.startup.HostConfig.deployDirectory 웹 애플리케이션 디렉토리 [C:\Users\qkdlf\github\Servlet-JSP-Programming\tools\apache-tomcat-9.0.37\webapps\docs]에 대한 배치가 [1,191] 밀리초에 완료되었습니다.
12-Aug-2020 12:10:56.254 INFO [main] org.apache.catalina.startup.HostConfig.deployDirectory 웹 애플리케이션 디렉토리 [C:\Users\qkdlf\github\Servlet-JSP-Programming\tools\apache-tomcat-9.0.37\webapps\examples]을(를) 배치합니다.
12-Aug-2020 12:10:57.792 INFO [main] org.apache.catalina.startup.HostConfig.deployDirectory 웹 애플리케이션 디렉토리 [C:\Users\qkdlf\github\Servlet-JSP-Programming\tools\apache-tomcat-9.0.37\webapps\examples]에 대한 배치가 [1,537] 밀리초에 완료되었습니다.
12-Aug-2020 12:10:57.795 INFO [main] org.apache.catalina.startup.HostConfig.deployDirectory 웹 애플리케이션 디렉토리 [C:\Users\qkdlf\github\Servlet-JSP-Programming\tools\apache-tomcat-9.0.37\webapps\host-manager]을(를) 배치합니다.
12-Aug-2020 12:10:57.908 INFO [main] org.apache.catalina.startup.HostConfig.deployDirectory 웹 애플리케이션 디렉토리 [C:\Users\qkdlf\github\Servlet-JSP-Programming\tools\apache-tomcat-9.0.37\webapps\host-manager]에 대한 배치가 [112] 밀리초에 완료되었습니다.
12-Aug-2020 12:10:57.918 INFO [main] org.apache.catalina.startup.HostConfig.deployDirectory 웹 애플리케이션 디렉토리 [C:\Users\qkdlf\github\Servlet-JSP-Programming\tools\apache-tomcat-9.0.37\webapps\manager]을(를) 배치합니다.
12-Aug-2020 12:10:58.016 INFO [main] org.apache.catalina.startup.HostConfig.deployDirectory 웹 애플리케이션 디렉토리 [C:\Users\qkdlf\github\Servlet-JSP-Programming\tools\apache-tomcat-9.0.37\webapps\manager]에 대한 배치가 [98] 밀리초에 완료되었습니다.
12-Aug-2020 12:10:58.020 INFO [main] org.apache.catalina.startup.HostConfig.deployDirectory 웹 애플리케이션 디렉토리 [C:\Users\qkdlf\github\Servlet-JSP-Programming\tools\apache-tomcat-9.0.37\webapps\ROOT]을(를) 배치합니다.
12-Aug-2020 12:10:58.090 INFO [main] org.apache.catalina.startup.HostConfig.deployDirectory 웹 애플리케이션 디렉토리 [C:\Users\qkdlf\github\Servlet-JSP-Programming\tools\apache-tomcat-9.0.37\webapps\ROOT]에 대한 배치가 [70] 밀리초에 완료되었습니다.
12-Aug-2020 12:10:58.102 INFO [main] org.apache.coyote.AbstractProtocol.start 프로토콜 핸들러 ["http-nio-8080"]을(를) 시작합니다.
12-Aug-2020 12:10:58.122 INFO [main] org.apache.catalina.startup.Catalina.start 서버가 [3349] 밀리초 내에 시작되었습니다.
12-Aug-2020 12:12:38.220 INFO [Catalina-utility-2] org.apache.catalina.startup.HostConfig.deployDirectory 웹 애플리케이션 디렉토리 [C:\Users\qkdlf\github\Servlet-JSP-Programming\tools\apache-tomcat-9.0.37\webapps\it]을(를) 배치합니다.
12-Aug-2020 12:12:38.544 INFO [Catalina-utility-2] org.apache.catalina.startup.HostConfig.deployDirectory 웹 애플리케이션 디렉토리 [C:\Users\qkdlf\github\Servlet-JSP-Programming\tools\apache-tomcat-9.0.37\webapps\it]에 대한 배치가 [319] 밀리초에 완료되었습니다.
12-Aug-2020 12:12:49.057 INFO [Catalina-utility-2] org.apache.catalina.startup.HostConfig.undeploy 컨텍스트 [/it]의 배치를 제거합니다.
12-Aug-2020 12:12:49.104 INFO [Catalina-utility-2] org.apache.catalina.startup.HostConfig.deployDirectory 웹 애플리케이션 디렉토리 [C:\Users\qkdlf\github\Servlet-JSP-Programming\tools\apache-tomcat-9.0.37\webapps\ITWebRoot]을(를) 배치합니다.
12-Aug-2020 12:12:49.154 INFO [Catalina-utility-2] org.apache.catalina.startup.HostConfig.deployDirectory 웹 애플리케이션 디렉토리 [C:\Users\qkdlf\github\Servlet-JSP-Programming\tools\apache-tomcat-9.0.37\webapps\ITWebRoot]에 대한 배치가 [50] 밀리초에 완료되었습니다.
12-Aug-2020 12:17:19.885 INFO [Catalina-utility-1] org.apache.catalina.startup.HostConfig.undeploy 컨텍스트 [/ITWebRoot]의 배치를 제거합니다.
12-Aug-2020 12:17:19.908 INFO [Catalina-utility-1] org.apache.catalina.startup.HostConfig.deployDirectory 웹 애플리케이션 디렉토리 [C:\Users\qkdlf\github\Servlet-JSP-Programming\tools\apache-tomcat-9.0.37\webapps\ITWeb]을(를) 배치합니다.
12-Aug-2020 12:17:19.971 INFO [Catalina-utility-1] org.apache.catalina.startup.HostConfig.deployDirectory 웹 애플리케이션 디렉토리 [C:\Users\qkdlf\github\Servlet-JSP-Programming\tools\apache-tomcat-9.0.37\webapps\ITWeb]에 대한 배치가 [63] 밀리초에 완료되었습니다.
12-Aug-2020 12:21:51.736 WARNING [main] org.apache.catalina.core.StandardContext.setPath 컨텍스트 경로는 반드시 빈 문자열이거나, 또는 '/'로 시작하고 '/'로 끝나지 않는 문자열이어야 합니다. 해당 경로 [ITWeb]은(는) 이 조건을 충족시키지 않아 [/ITWeb](으)로 변경되었습니다.
12-Aug-2020 12:21:51.778 INFO [main] org.apache.catalina.startup.VersionLoggerListener.log 서버 버전 이름:        Apache Tomcat/9.0.37
12-Aug-2020 12:21:51.781 INFO [main] org.apache.catalina.startup.VersionLoggerListener.log Server 빌드 시각:          Jun 30 2020 20:09:49 UTC
12-Aug-2020 12:21:51.782 INFO [main] org.apache.catalina.startup.VersionLoggerListener.log Server 버전 번호:         9.0.37.0
12-Aug-2020 12:21:51.783 INFO [main] org.apache.catalina.startup.VersionLoggerListener.log 운영체제 이름:               Windows 10
12-Aug-2020 12:21:51.783 INFO [main] org.apache.catalina.startup.VersionLoggerListener.log 운영체제 버전:            10.0
12-Aug-2020 12:21:51.783 INFO [main] org.apache.catalina.startup.VersionLoggerListener.log 아키텍처:          amd64
12-Aug-2020 12:21:51.783 INFO [main] org.apache.catalina.startup.VersionLoggerListener.log 자바 홈:             C:\Program Files\Java\jdk-12.0.2
12-Aug-2020 12:21:51.784 INFO [main] org.apache.catalina.startup.VersionLoggerListener.log JVM 버전:           12.0.2+10
12-Aug-2020 12:21:51.784 INFO [main] org.apache.catalina.startup.VersionLoggerListener.log JVM 벤더:            Oracle Corporation
12-Aug-2020 12:21:51.784 INFO [main] org.apache.catalina.startup.VersionLoggerListener.log CATALINA_BASE:         C:\Users\qkdlf\github\Servlet-JSP-Programming\tools\apache-tomcat-9.0.37
12-Aug-2020 12:21:51.785 INFO [main] org.apache.catalina.startup.VersionLoggerListener.log CATALINA_HOME:         C:\Users\qkdlf\github\Servlet-JSP-Programming\tools\apache-tomcat-9.0.37
12-Aug-2020 12:21:51.788 INFO [main] org.apache.catalina.startup.VersionLoggerListener.log 명령 행 아규먼트: --add-opens=java.base/java.lang=ALL-UNNAMED
12-Aug-2020 12:21:51.789 INFO [main] org.apache.catalina.startup.VersionLoggerListener.log 명령 행 아규먼트: --add-opens=java.base/java.io=ALL-UNNAMED
12-Aug-2020 12:21:51.795 INFO [main] org.apache.catalina.startup.VersionLoggerListener.log 명령 행 아규먼트: --add-opens=java.rmi/sun.rmi.transport=ALL-UNNAMED
12-Aug-2020 12:21:51.797 INFO [main] org.apache.catalina.startup.VersionLoggerListener.log 명령 행 아규먼트: -Djava.util.logging.config.file=C:\Users\qkdlf\github\Servlet-JSP-Programming\tools\apache-tomcat-9.0.37\conf\logging.properties
12-Aug-2020 12:21:51.800 INFO [main] org.apache.catalina.startup.VersionLoggerListener.log 명령 행 아규먼트: -Djava.util.logging.manager=org.apache.juli.ClassLoaderLogManager
12-Aug-2020 12:21:51.804 INFO [main] org.apache.catalina.startup.VersionLoggerListener.log 명령 행 아규먼트: -Djdk.tls.ephemeralDHKeySize=2048
12-Aug-2020 12:21:51.806 INFO [main] org.apache.catalina.startup.VersionLoggerListener.log 명령 행 아규먼트: -Djava.protocol.handler.pkgs=org.apache.catalina.webresources
12-Aug-2020 12:21:51.807 INFO [main] org.apache.catalina.startup.VersionLoggerListener.log 명령 행 아규먼트: -Dignore.endorsed.dirs=
12-Aug-2020 12:21:51.808 INFO [main] org.apache.catalina.startup.VersionLoggerListener.log 명령 행 아규먼트: -Dcatalina.base=C:\Users\qkdlf\github\Servlet-JSP-Programming\tools\apache-tomcat-9.0.37
12-Aug-2020 12:21:51.810 INFO [main] org.apache.catalina.startup.VersionLoggerListener.log 명령 행 아규먼트: -Dcatalina.home=C:\Users\qkdlf\github\Servlet-JSP-Programming\tools\apache-tomcat-9.0.37
12-Aug-2020 12:21:51.813 INFO [main] org.apache.catalina.startup.VersionLoggerListener.log 명령 행 아규먼트: -Djava.io.tmpdir=C:\Users\qkdlf\github\Servlet-JSP-Programming\tools\apache-tomcat-9.0.37\temp
12-Aug-2020 12:21:51.815 INFO [main] org.apache.catalina.core.AprLifecycleListener.lifecycleEvent APR 버전 [1.7.0]을(를) 사용한, APR 기반 Apache Tomcat Native 라이브러리 [1.2.24]을(를) 로드했습니다.
12-Aug-2020 12:21:51.818 INFO [main] org.apache.catalina.core.AprLifecycleListener.lifecycleEvent APR 용량정보들: IPv6 [true], sendfile [true], accept filters [false], random [true].
12-Aug-2020 12:21:51.820 INFO [main] org.apache.catalina.core.AprLifecycleListener.lifecycleEvent APR/OpenSSL 설정: useAprConnector [false], useOpenSSL [true]
12-Aug-2020 12:21:51.829 INFO [main] org.apache.catalina.core.AprLifecycleListener.initializeSSL OpenSSL이 성공적으로 초기화되었습니다: [OpenSSL 1.1.1g  21 Apr 2020]
12-Aug-2020 12:21:52.409 INFO [main] org.apache.coyote.AbstractProtocol.init 프로토콜 핸들러 ["http-nio-8080"]을(를) 초기화합니다.
12-Aug-2020 12:21:53.501 INFO [main] org.apache.catalina.startup.Catalina.load [2214] 밀리초 내에 서버가 초기화되었습니다.
12-Aug-2020 12:21:53.633 INFO [main] org.apache.catalina.core.StandardService.startInternal 서비스 [Catalina]을(를) 시작합니다.
12-Aug-2020 12:21:53.642 INFO [main] org.apache.catalina.core.StandardEngine.startInternal 서버 엔진을 시작합니다: [Apache Tomcat/9.0.37]
12-Aug-2020 12:21:54.888 WARNING [main] org.apache.catalina.util.SessionIdGeneratorBase.createSecureRandom [SHA1PRNG] 알고리즘을 사용하여, 세션 ID를 생성하기 위한 SecureRandom 객체를 생성하는데, [745] 밀리초가 소요됐습니다.
12-Aug-2020 12:21:54.944 INFO [main] org.apache.catalina.startup.HostConfig.deployDirectory 웹 애플리케이션 디렉토리 [C:\Users\qkdlf\github\Servlet-JSP-Programming\tools\apache-tomcat-9.0.37\webapps\docs]을(를) 배치합니다.
12-Aug-2020 12:21:55.041 INFO [main] org.apache.catalina.startup.HostConfig.deployDirectory 웹 애플리케이션 디렉토리 [C:\Users\qkdlf\github\Servlet-JSP-Programming\tools\apache-tomcat-9.0.37\webapps\docs]에 대한 배치가 [98] 밀리초에 완료되었습니다.
12-Aug-2020 12:21:55.074 INFO [main] org.apache.catalina.startup.HostConfig.deployDirectory 웹 애플리케이션 디렉토리 [C:\Users\qkdlf\github\Servlet-JSP-Programming\tools\apache-tomcat-9.0.37\webapps\examples]을(를) 배치합니다.
12-Aug-2020 12:21:56.397 INFO [main] org.apache.catalina.startup.HostConfig.deployDirectory 웹 애플리케이션 디렉토리 [C:\Users\qkdlf\github\Servlet-JSP-Programming\tools\apache-tomcat-9.0.37\webapps\examples]에 대한 배치가 [1,322] 밀리초에 완료되었습니다.
12-Aug-2020 12:21:56.407 INFO [main] org.apache.catalina.startup.HostConfig.deployDirectory 웹 애플리케이션 디렉토리 [C:\Users\qkdlf\github\Servlet-JSP-Programming\tools\apache-tomcat-9.0.37\webapps\host-manager]을(를) 배치합니다.
12-Aug-2020 12:21:56.516 INFO [main] org.apache.catalina.startup.HostConfig.deployDirectory 웹 애플리케이션 디렉토리 [C:\Users\qkdlf\github\Servlet-JSP-Programming\tools\apache-tomcat-9.0.37\webapps\host-manager]에 대한 배치가 [109] 밀리초에 완료되었습니다.
12-Aug-2020 12:21:56.523 INFO [main] org.apache.catalina.startup.HostConfig.deployDirectory 웹 애플리케이션 디렉토리 [C:\Users\qkdlf\github\Servlet-JSP-Programming\tools\apache-tomcat-9.0.37\webapps\manager]을(를) 배치합니다.
12-Aug-2020 12:21:56.640 INFO [main] org.apache.catalina.startup.HostConfig.deployDirectory 웹 애플리케이션 디렉토리 [C:\Users\qkdlf\github\Servlet-JSP-Programming\tools\apache-tomcat-9.0.37\webapps\manager]에 대한 배치가 [117] 밀리초에 완료되었습니다.
12-Aug-2020 12:21:56.651 INFO [main] org.apache.catalina.startup.HostConfig.deployDirectory 웹 애플리케이션 디렉토리 [C:\Users\qkdlf\github\Servlet-JSP-Programming\tools\apache-tomcat-9.0.37\webapps\ROOT]을(를) 배치합니다.
12-Aug-2020 12:21:56.743 INFO [main] org.apache.catalina.startup.HostConfig.deployDirectory 웹 애플리케이션 디렉토리 [C:\Users\qkdlf\github\Servlet-JSP-Programming\tools\apache-tomcat-9.0.37\webapps\ROOT]에 대한 배치가 [93] 밀리초에 완료되었습니다.
12-Aug-2020 12:21:56.761 INFO [main] org.apache.coyote.AbstractProtocol.start 프로토콜 핸들러 ["http-nio-8080"]을(를) 시작합니다.
12-Aug-2020 12:21:56.789 INFO [main] org.apache.catalina.startup.Catalina.start 서버가 [3283] 밀리초 내에 시작되었습니다.
12-Aug-2020 12:23:10.546 WARNING [main] org.apache.catalina.core.StandardContext.setPath 컨텍스트 경로는 반드시 빈 문자열이거나, 또는 '/'로 시작하고 '/'로 끝나지 않는 문자열이어야 합니다. 해당 경로 [it]은(는) 이 조건을 충족시키지 않아 [/it](으)로 변경되었습니다.
12-Aug-2020 12:23:10.587 INFO [main] org.apache.catalina.startup.VersionLoggerListener.log 서버 버전 이름:        Apache Tomcat/9.0.37
12-Aug-2020 12:23:10.588 INFO [main] org.apache.catalina.startup.VersionLoggerListener.log Server 빌드 시각:          Jun 30 2020 20:09:49 UTC
12-Aug-2020 12:23:10.589 INFO [main] org.apache.catalina.startup.VersionLoggerListener.log Server 버전 번호:         9.0.37.0
12-Aug-2020 12:23:10.589 INFO [main] org.apache.catalina.startup.VersionLoggerListener.log 운영체제 이름:               Windows 10
12-Aug-2020 12:23:10.590 INFO [main] org.apache.catalina.startup.VersionLoggerListener.log 운영체제 버전:            10.0
12-Aug-2020 12:23:10.590 INFO [main] org.apache.catalina.startup.VersionLoggerListener.log 아키텍처:          amd64
12-Aug-2020 12:23:10.590 INFO [main] org.apache.catalina.startup.VersionLoggerListener.log 자바 홈:             C:\Program Files\Java\jdk-12.0.2
12-Aug-2020 12:23:10.591 INFO [main] org.apache.catalina.startup.VersionLoggerListener.log JVM 버전:           12.0.2+10
12-Aug-2020 12:23:10.591 INFO [main] org.apache.catalina.startup.VersionLoggerListener.log JVM 벤더:            Oracle Corporation
12-Aug-2020 12:23:10.591 INFO [main] org.apache.catalina.startup.VersionLoggerListener.log CATALINA_BASE:         C:\Users\qkdlf\github\Servlet-JSP-Programming\tools\apache-tomcat-9.0.37
12-Aug-2020 12:23:10.592 INFO [main] org.apache.catalina.startup.VersionLoggerListener.log CATALINA_HOME:         C:\Users\qkdlf\github\Servlet-JSP-Programming\tools\apache-tomcat-9.0.37
12-Aug-2020 12:23:10.594 INFO [main] org.apache.catalina.startup.VersionLoggerListener.log 명령 행 아규먼트: --add-opens=java.base/java.lang=ALL-UNNAMED
12-Aug-2020 12:23:10.595 INFO [main] org.apache.catalina.startup.VersionLoggerListener.log 명령 행 아규먼트: --add-opens=java.base/java.io=ALL-UNNAMED
12-Aug-2020 12:23:10.597 INFO [main] org.apache.catalina.startup.VersionLoggerListener.log 명령 행 아규먼트: --add-opens=java.rmi/sun.rmi.transport=ALL-UNNAMED
12-Aug-2020 12:23:10.604 INFO [main] org.apache.catalina.startup.VersionLoggerListener.log 명령 행 아규먼트: -Djava.util.logging.config.file=C:\Users\qkdlf\github\Servlet-JSP-Programming\tools\apache-tomcat-9.0.37\conf\logging.properties
12-Aug-2020 12:23:10.606 INFO [main] org.apache.catalina.startup.VersionLoggerListener.log 명령 행 아규먼트: -Djava.util.logging.manager=org.apache.juli.ClassLoaderLogManager
12-Aug-2020 12:23:10.608 INFO [main] org.apache.catalina.startup.VersionLoggerListener.log 명령 행 아규먼트: -Djdk.tls.ephemeralDHKeySize=2048
12-Aug-2020 12:23:10.611 INFO [main] org.apache.catalina.startup.VersionLoggerListener.log 명령 행 아규먼트: -Djava.protocol.handler.pkgs=org.apache.catalina.webresources
12-Aug-2020 12:23:10.615 INFO [main] org.apache.catalina.startup.VersionLoggerListener.log 명령 행 아규먼트: -Dignore.endorsed.dirs=
12-Aug-2020 12:23:10.617 INFO [main] org.apache.catalina.startup.VersionLoggerListener.log 명령 행 아규먼트: -Dcatalina.base=C:\Users\qkdlf\github\Servlet-JSP-Programming\tools\apache-tomcat-9.0.37
12-Aug-2020 12:23:10.618 INFO [main] org.apache.catalina.startup.VersionLoggerListener.log 명령 행 아규먼트: -Dcatalina.home=C:\Users\qkdlf\github\Servlet-JSP-Programming\tools\apache-tomcat-9.0.37
12-Aug-2020 12:23:10.620 INFO [main] org.apache.catalina.startup.VersionLoggerListener.log 명령 행 아규먼트: -Djava.io.tmpdir=C:\Users\qkdlf\github\Servlet-JSP-Programming\tools\apache-tomcat-9.0.37\temp
12-Aug-2020 12:23:10.624 INFO [main] org.apache.catalina.core.AprLifecycleListener.lifecycleEvent APR 버전 [1.7.0]을(를) 사용한, APR 기반 Apache Tomcat Native 라이브러리 [1.2.24]을(를) 로드했습니다.
12-Aug-2020 12:23:10.627 INFO [main] org.apache.catalina.core.AprLifecycleListener.lifecycleEvent APR 용량정보들: IPv6 [true], sendfile [true], accept filters [false], random [true].
12-Aug-2020 12:23:10.629 INFO [main] org.apache.catalina.core.AprLifecycleListener.lifecycleEvent APR/OpenSSL 설정: useAprConnector [false], useOpenSSL [true]
12-Aug-2020 12:23:10.639 INFO [main] org.apache.catalina.core.AprLifecycleListener.initializeSSL OpenSSL이 성공적으로 초기화되었습니다: [OpenSSL 1.1.1g  21 Apr 2020]
12-Aug-2020 12:23:11.101 INFO [main] org.apache.coyote.AbstractProtocol.init 프로토콜 핸들러 ["http-nio-8080"]을(를) 초기화합니다.
12-Aug-2020 12:23:11.765 INFO [main] org.apache.catalina.startup.Catalina.load [1726] 밀리초 내에 서버가 초기화되었습니다.
12-Aug-2020 12:23:11.872 INFO [main] org.apache.catalina.core.StandardService.startInternal 서비스 [Catalina]을(를) 시작합니다.
12-Aug-2020 12:23:11.916 INFO [main] org.apache.catalina.core.StandardEngine.startInternal 서버 엔진을 시작합니다: [Apache Tomcat/9.0.37]
12-Aug-2020 12:23:13.039 WARNING [main] org.apache.catalina.util.SessionIdGeneratorBase.createSecureRandom [SHA1PRNG] 알고리즘을 사용하여, 세션 ID를 생성하기 위한 SecureRandom 객체를 생성하는데, [573] 밀리초가 소요됐습니다.
12-Aug-2020 12:23:13.091 INFO [main] org.apache.catalina.startup.HostConfig.deployDirectory 웹 애플리케이션 디렉토리 [C:\Users\qkdlf\github\Servlet-JSP-Programming\tools\apache-tomcat-9.0.37\webapps\docs]을(를) 배치합니다.
12-Aug-2020 12:23:13.165 INFO [main] org.apache.catalina.startup.HostConfig.deployDirectory 웹 애플리케이션 디렉토리 [C:\Users\qkdlf\github\Servlet-JSP-Programming\tools\apache-tomcat-9.0.37\webapps\docs]에 대한 배치가 [74] 밀리초에 완료되었습니다.
12-Aug-2020 12:23:13.173 INFO [main] org.apache.catalina.startup.HostConfig.deployDirectory 웹 애플리케이션 디렉토리 [C:\Users\qkdlf\github\Servlet-JSP-Programming\tools\apache-tomcat-9.0.37\webapps\examples]을(를) 배치합니다.
12-Aug-2020 12:23:14.199 INFO [main] org.apache.catalina.startup.HostConfig.deployDirectory 웹 애플리케이션 디렉토리 [C:\Users\qkdlf\github\Servlet-JSP-Programming\tools\apache-tomcat-9.0.37\webapps\examples]에 대한 배치가 [1,026] 밀리초에 완료되었습니다.
12-Aug-2020 12:23:14.206 INFO [main] org.apache.catalina.startup.HostConfig.deployDirectory 웹 애플리케이션 디렉토리 [C:\Users\qkdlf\github\Servlet-JSP-Programming\tools\apache-tomcat-9.0.37\webapps\host-manager]을(를) 배치합니다.
12-Aug-2020 12:23:14.290 INFO [main] org.apache.catalina.startup.HostConfig.deployDirectory 웹 애플리케이션 디렉토리 [C:\Users\qkdlf\github\Servlet-JSP-Programming\tools\apache-tomcat-9.0.37\webapps\host-manager]에 대한 배치가 [84] 밀리초에 완료되었습니다.
12-Aug-2020 12:23:14.297 INFO [main] org.apache.catalina.startup.HostConfig.deployDirectory 웹 애플리케이션 디렉토리 [C:\Users\qkdlf\github\Servlet-JSP-Programming\tools\apache-tomcat-9.0.37\webapps\ITWeb]을(를) 배치합니다.
12-Aug-2020 12:23:14.352 INFO [main] org.apache.catalina.startup.HostConfig.deployDirectory 웹 애플리케이션 디렉토리 [C:\Users\qkdlf\github\Servlet-JSP-Programming\tools\apache-tomcat-9.0.37\webapps\ITWeb]에 대한 배치가 [56] 밀리초에 완료되었습니다.
12-Aug-2020 12:23:14.358 INFO [main] org.apache.catalina.startup.HostConfig.deployDirectory 웹 애플리케이션 디렉토리 [C:\Users\qkdlf\github\Servlet-JSP-Programming\tools\apache-tomcat-9.0.37\webapps\manager]을(를) 배치합니다.
12-Aug-2020 12:23:14.439 INFO [main] org.apache.catalina.startup.HostConfig.deployDirectory 웹 애플리케이션 디렉토리 [C:\Users\qkdlf\github\Servlet-JSP-Programming\tools\apache-tomcat-9.0.37\webapps\manager]에 대한 배치가 [81] 밀리초에 완료되었습니다.
12-Aug-2020 12:23:14.445 INFO [main] org.apache.catalina.startup.HostConfig.deployDirectory 웹 애플리케이션 디렉토리 [C:\Users\qkdlf\github\Servlet-JSP-Programming\tools\apache-tomcat-9.0.37\webapps\ROOT]을(를) 배치합니다.
12-Aug-2020 12:23:14.515 INFO [main] org.apache.catalina.startup.HostConfig.deployDirectory 웹 애플리케이션 디렉토리 [C:\Users\qkdlf\github\Servlet-JSP-Programming\tools\apache-tomcat-9.0.37\webapps\ROOT]에 대한 배치가 [70] 밀리초에 완료되었습니다.
12-Aug-2020 12:23:14.530 INFO [main] org.apache.coyote.AbstractProtocol.start 프로토콜 핸들러 ["http-nio-8080"]을(를) 시작합니다.
12-Aug-2020 12:23:14.551 INFO [main] org.apache.catalina.startup.Catalina.start 서버가 [2780] 밀리초 내에 시작되었습니다.
