11-Aug-2020 22:06:56.163 INFO [main] org.apache.catalina.startup.VersionLoggerListener.log 서버 버전 이름:        Apache Tomcat/9.0.37
11-Aug-2020 22:06:56.177 INFO [main] org.apache.catalina.startup.VersionLoggerListener.log Server 빌드 시각:          Jun 30 2020 20:09:49 UTC
11-Aug-2020 22:06:56.178 INFO [main] org.apache.catalina.startup.VersionLoggerListener.log Server 버전 번호:         9.0.37.0
11-Aug-2020 22:06:56.178 INFO [main] org.apache.catalina.startup.VersionLoggerListener.log 운영체제 이름:               Windows 10
11-Aug-2020 22:06:56.179 INFO [main] org.apache.catalina.startup.VersionLoggerListener.log 운영체제 버전:            10.0
11-Aug-2020 22:06:56.179 INFO [main] org.apache.catalina.startup.VersionLoggerListener.log 아키텍처:          amd64
11-Aug-2020 22:06:56.180 INFO [main] org.apache.catalina.startup.VersionLoggerListener.log 자바 홈:             C:\Program Files\Java\jdk-12.0.2
11-Aug-2020 22:06:56.181 INFO [main] org.apache.catalina.startup.VersionLoggerListener.log JVM 버전:           12.0.2+10
11-Aug-2020 22:06:56.181 INFO [main] org.apache.catalina.startup.VersionLoggerListener.log JVM 벤더:            Oracle Corporation
11-Aug-2020 22:06:56.182 INFO [main] org.apache.catalina.startup.VersionLoggerListener.log CATALINA_BASE:         D:\tools\apache-tomcat-9.0.37
11-Aug-2020 22:06:56.182 INFO [main] org.apache.catalina.startup.VersionLoggerListener.log CATALINA_HOME:         D:\tools\apache-tomcat-9.0.37
11-Aug-2020 22:06:56.254 INFO [main] org.apache.catalina.startup.VersionLoggerListener.log 명령 행 아규먼트: --add-opens=java.base/java.lang=ALL-UNNAMED
11-Aug-2020 22:06:56.259 INFO [main] org.apache.catalina.startup.VersionLoggerListener.log 명령 행 아규먼트: --add-opens=java.base/java.io=ALL-UNNAMED
11-Aug-2020 22:06:56.260 INFO [main] org.apache.catalina.startup.VersionLoggerListener.log 명령 행 아규먼트: --add-opens=java.rmi/sun.rmi.transport=ALL-UNNAMED
11-Aug-2020 22:06:56.262 INFO [main] org.apache.catalina.startup.VersionLoggerListener.log 명령 행 아규먼트: -Djava.util.logging.config.file=D:\tools\apache-tomcat-9.0.37\conf\logging.properties
11-Aug-2020 22:06:56.264 INFO [main] org.apache.catalina.startup.VersionLoggerListener.log 명령 행 아규먼트: -Djava.util.logging.manager=org.apache.juli.ClassLoaderLogManager
11-Aug-2020 22:06:56.266 INFO [main] org.apache.catalina.startup.VersionLoggerListener.log 명령 행 아규먼트: -Djdk.tls.ephemeralDHKeySize=2048
11-Aug-2020 22:06:56.274 INFO [main] org.apache.catalina.startup.VersionLoggerListener.log 명령 행 아규먼트: -Djava.protocol.handler.pkgs=org.apache.catalina.webresources
11-Aug-2020 22:06:56.276 INFO [main] org.apache.catalina.startup.VersionLoggerListener.log 명령 행 아규먼트: -Dignore.endorsed.dirs=
11-Aug-2020 22:06:56.279 INFO [main] org.apache.catalina.startup.VersionLoggerListener.log 명령 행 아규먼트: -Dcatalina.base=D:\tools\apache-tomcat-9.0.37
11-Aug-2020 22:06:56.281 INFO [main] org.apache.catalina.startup.VersionLoggerListener.log 명령 행 아규먼트: -Dcatalina.home=D:\tools\apache-tomcat-9.0.37
11-Aug-2020 22:06:56.282 INFO [main] org.apache.catalina.startup.VersionLoggerListener.log 명령 행 아규먼트: -Djava.io.tmpdir=D:\tools\apache-tomcat-9.0.37\temp
11-Aug-2020 22:06:56.285 INFO [main] org.apache.catalina.core.AprLifecycleListener.lifecycleEvent APR 버전 [1.7.0]을(를) 사용한, APR 기반 Apache Tomcat Native 라이브러리 [1.2.24]을(를) 로드했습니다.
11-Aug-2020 22:06:56.296 INFO [main] org.apache.catalina.core.AprLifecycleListener.lifecycleEvent APR 용량정보들: IPv6 [true], sendfile [true], accept filters [false], random [true].
11-Aug-2020 22:06:56.298 INFO [main] org.apache.catalina.core.AprLifecycleListener.lifecycleEvent APR/OpenSSL 설정: useAprConnector [false], useOpenSSL [true]
11-Aug-2020 22:06:56.309 INFO [main] org.apache.catalina.core.AprLifecycleListener.initializeSSL OpenSSL이 성공적으로 초기화되었습니다: [OpenSSL 1.1.1g  21 Apr 2020]
11-Aug-2020 22:06:56.854 INFO [main] org.apache.coyote.AbstractProtocol.init 프로토콜 핸들러 ["http-nio-8080"]을(를) 초기화합니다.
11-Aug-2020 22:06:57.691 INFO [main] org.apache.catalina.startup.Catalina.load [1928] 밀리초 내에 서버가 초기화되었습니다.
11-Aug-2020 22:06:57.862 INFO [main] org.apache.catalina.core.StandardService.startInternal 서비스 [Catalina]을(를) 시작합니다.
11-Aug-2020 22:06:57.866 INFO [main] org.apache.catalina.core.StandardEngine.startInternal 서버 엔진을 시작합니다: [Apache Tomcat/9.0.37]
11-Aug-2020 22:06:57.902 INFO [main] org.apache.catalina.startup.HostConfig.deployDirectory 웹 애플리케이션 디렉토리 [D:\tools\apache-tomcat-9.0.37\webapps\docs]을(를) 배치합니다.
11-Aug-2020 22:06:59.389 WARNING [main] org.apache.catalina.util.SessionIdGeneratorBase.createSecureRandom [SHA1PRNG] 알고리즘을 사용하여, 세션 ID를 생성하기 위한 SecureRandom 객체를 생성하는데, [751] 밀리초가 소요됐습니다.
11-Aug-2020 22:06:59.432 INFO [main] org.apache.catalina.startup.HostConfig.deployDirectory 웹 애플리케이션 디렉토리 [D:\tools\apache-tomcat-9.0.37\webapps\docs]에 대한 배치가 [1,530] 밀리초에 완료되었습니다.
11-Aug-2020 22:06:59.440 INFO [main] org.apache.catalina.startup.HostConfig.deployDirectory 웹 애플리케이션 디렉토리 [D:\tools\apache-tomcat-9.0.37\webapps\examples]을(를) 배치합니다.
11-Aug-2020 22:07:00.263 INFO [main] org.apache.catalina.startup.HostConfig.deployDirectory 웹 애플리케이션 디렉토리 [D:\tools\apache-tomcat-9.0.37\webapps\examples]에 대한 배치가 [823] 밀리초에 완료되었습니다.
11-Aug-2020 22:07:00.268 INFO [main] org.apache.catalina.startup.HostConfig.deployDirectory 웹 애플리케이션 디렉토리 [D:\tools\apache-tomcat-9.0.37\webapps\host-manager]을(를) 배치합니다.
11-Aug-2020 22:07:00.349 INFO [main] org.apache.catalina.startup.HostConfig.deployDirectory 웹 애플리케이션 디렉토리 [D:\tools\apache-tomcat-9.0.37\webapps\host-manager]에 대한 배치가 [82] 밀리초에 완료되었습니다.
11-Aug-2020 22:07:00.357 INFO [main] org.apache.catalina.startup.HostConfig.deployDirectory 웹 애플리케이션 디렉토리 [D:\tools\apache-tomcat-9.0.37\webapps\manager]을(를) 배치합니다.
11-Aug-2020 22:07:00.476 INFO [main] org.apache.catalina.startup.HostConfig.deployDirectory 웹 애플리케이션 디렉토리 [D:\tools\apache-tomcat-9.0.37\webapps\manager]에 대한 배치가 [119] 밀리초에 완료되었습니다.
11-Aug-2020 22:07:00.504 INFO [main] org.apache.catalina.startup.HostConfig.deployDirectory 웹 애플리케이션 디렉토리 [D:\tools\apache-tomcat-9.0.37\webapps\ROOT]을(를) 배치합니다.
11-Aug-2020 22:07:00.558 INFO [main] org.apache.catalina.startup.HostConfig.deployDirectory 웹 애플리케이션 디렉토리 [D:\tools\apache-tomcat-9.0.37\webapps\ROOT]에 대한 배치가 [54] 밀리초에 완료되었습니다.
11-Aug-2020 22:07:00.569 INFO [main] org.apache.coyote.AbstractProtocol.start 프로토콜 핸들러 ["http-nio-8080"]을(를) 시작합니다.
11-Aug-2020 22:07:00.590 INFO [main] org.apache.catalina.startup.Catalina.start 서버가 [2845] 밀리초 내에 시작되었습니다.
